[2022-12-19T09:01:38.029] [ERROR] error - 数据库连接失败
[2022-12-19T17:42:26.846] [ERROR] error - TypeError: Cannot read properties of undefined (reading 'pageNum')
    at Object.pager (C:\Users\秦世权\Desktop\manager-serve\utils\utils.js:21:13)
    at C:\Users\秦世权\Desktop\manager-serve\routes\leave.js:13:39
    at dispatch (C:\Users\秦世权\Desktop\manager-serve\node_modules\koa-router\node_modules\koa-compose\index.js:44:32)
    at next (C:\Users\秦世权\Desktop\manager-serve\node_modules\koa-router\node_modules\koa-compose\index.js:45:18)
    at C:\Users\秦世权\Desktop\manager-serve\node_modules\koa-router\lib\router.js:346:16
    at dispatch (C:\Users\秦世权\Desktop\manager-serve\node_modules\koa-router\node_modules\koa-compose\index.js:44:32)
    at next (C:\Users\秦世权\Desktop\manager-serve\node_modules\koa-router\node_modules\koa-compose\index.js:45:18)
    at allowedMethods (C:\Users\秦世权\Desktop\manager-serve\node_modules\koa-router\lib\router.js:407:12)
    at dispatch (C:\Users\秦世权\Desktop\manager-serve\node_modules\koa-router\node_modules\koa-compose\index.js:44:32)
    at next (C:\Users\秦世权\Desktop\manager-serve\node_modules\koa-router\node_modules\koa-compose\index.js:45:18)
    at C:\Users\秦世权\Desktop\manager-serve\node_modules\koa-router\lib\router.js:346:16
    at dispatch (C:\Users\秦世权\Desktop\manager-serve\node_modules\koa-router\node_modules\koa-compose\index.js:44:32)
    at next (C:\Users\秦世权\Desktop\manager-serve\node_modules\koa-router\node_modules\koa-compose\index.js:45:18)
    at allowedMethods (C:\Users\秦世权\Desktop\manager-serve\node_modules\koa-router\lib\router.js:407:12)
    at dispatch (C:\Users\秦世权\Desktop\manager-serve\node_modules\koa-router\node_modules\koa-compose\index.js:44:32)
    at next (C:\Users\秦世权\Desktop\manager-serve\node_modules\koa-router\node_modules\koa-compose\index.js:45:18)
[2022-12-19T17:42:28.048] [ERROR] error - TypeError: Cannot read properties of undefined (reading 'pageNum')
    at Object.pager (C:\Users\秦世权\Desktop\manager-serve\utils\utils.js:21:13)
    at C:\Users\秦世权\Desktop\manager-serve\routes\leave.js:13:39
    at dispatch (C:\Users\秦世权\Desktop\manager-serve\node_modules\koa-router\node_modules\koa-compose\index.js:44:32)
    at next (C:\Users\秦世权\Desktop\manager-serve\node_modules\koa-router\node_modules\koa-compose\index.js:45:18)
    at C:\Users\秦世权\Desktop\manager-serve\node_modules\koa-router\lib\router.js:346:16
    at dispatch (C:\Users\秦世权\Desktop\manager-serve\node_modules\koa-router\node_modules\koa-compose\index.js:44:32)
    at next (C:\Users\秦世权\Desktop\manager-serve\node_modules\koa-router\node_modules\koa-compose\index.js:45:18)
    at allowedMethods (C:\Users\秦世权\Desktop\manager-serve\node_modules\koa-router\lib\router.js:407:12)
    at dispatch (C:\Users\秦世权\Desktop\manager-serve\node_modules\koa-router\node_modules\koa-compose\index.js:44:32)
    at next (C:\Users\秦世权\Desktop\manager-serve\node_modules\koa-router\node_modules\koa-compose\index.js:45:18)
    at C:\Users\秦世权\Desktop\manager-serve\node_modules\koa-router\lib\router.js:346:16
    at dispatch (C:\Users\秦世权\Desktop\manager-serve\node_modules\koa-router\node_modules\koa-compose\index.js:44:32)
    at next (C:\Users\秦世权\Desktop\manager-serve\node_modules\koa-router\node_modules\koa-compose\index.js:45:18)
    at allowedMethods (C:\Users\秦世权\Desktop\manager-serve\node_modules\koa-router\lib\router.js:407:12)
    at dispatch (C:\Users\秦世权\Desktop\manager-serve\node_modules\koa-router\node_modules\koa-compose\index.js:44:32)
    at next (C:\Users\秦世权\Desktop\manager-serve\node_modules\koa-router\node_modules\koa-compose\index.js:45:18)
[2022-12-19T17:42:32.447] [ERROR] error - TypeError: Cannot read properties of undefined (reading 'pageNum')
    at Object.pager (C:\Users\秦世权\Desktop\manager-serve\utils\utils.js:21:13)
    at C:\Users\秦世权\Desktop\manager-serve\routes\leave.js:13:39
    at dispatch (C:\Users\秦世权\Desktop\manager-serve\node_modules\koa-router\node_modules\koa-compose\index.js:44:32)
    at next (C:\Users\秦世权\Desktop\manager-serve\node_modules\koa-router\node_modules\koa-compose\index.js:45:18)
    at C:\Users\秦世权\Desktop\manager-serve\node_modules\koa-router\lib\router.js:346:16
    at dispatch (C:\Users\秦世权\Desktop\manager-serve\node_modules\koa-router\node_modules\koa-compose\index.js:44:32)
    at next (C:\Users\秦世权\Desktop\manager-serve\node_modules\koa-router\node_modules\koa-compose\index.js:45:18)
    at allowedMethods (C:\Users\秦世权\Desktop\manager-serve\node_modules\koa-router\lib\router.js:407:12)
    at dispatch (C:\Users\秦世权\Desktop\manager-serve\node_modules\koa-router\node_modules\koa-compose\index.js:44:32)
    at next (C:\Users\秦世权\Desktop\manager-serve\node_modules\koa-router\node_modules\koa-compose\index.js:45:18)
    at C:\Users\秦世权\Desktop\manager-serve\node_modules\koa-router\lib\router.js:346:16
    at dispatch (C:\Users\秦世权\Desktop\manager-serve\node_modules\koa-router\node_modules\koa-compose\index.js:44:32)
    at next (C:\Users\秦世权\Desktop\manager-serve\node_modules\koa-router\node_modules\koa-compose\index.js:45:18)
    at allowedMethods (C:\Users\秦世权\Desktop\manager-serve\node_modules\koa-router\lib\router.js:407:12)
    at dispatch (C:\Users\秦世权\Desktop\manager-serve\node_modules\koa-router\node_modules\koa-compose\index.js:44:32)
    at next (C:\Users\秦世权\Desktop\manager-serve\node_modules\koa-router\node_modules\koa-compose\index.js:45:18)
