[2022-12-09T16:54:17.556] [ERROR] error - ReferenceError: ctx is not defined
    at C:\Users\秦世权\Desktop\manager-serve\routes\depts.js:10:40
    at dispatch (C:\Users\秦世权\Desktop\manager-serve\node_modules\koa-router\node_modules\koa-compose\index.js:44:32)
    at next (C:\Users\秦世权\Desktop\manager-serve\node_modules\koa-router\node_modules\koa-compose\index.js:45:18)
    at C:\Users\秦世权\Desktop\manager-serve\node_modules\koa-router\lib\router.js:346:16
    at dispatch (C:\Users\秦世权\Desktop\manager-serve\node_modules\koa-router\node_modules\koa-compose\index.js:44:32)
    at next (C:\Users\秦世权\Desktop\manager-serve\node_modules\koa-router\node_modules\koa-compose\index.js:45:18)
    at allowedMethods (C:\Users\秦世权\Desktop\manager-serve\node_modules\koa-router\lib\router.js:407:12)
    at dispatch (C:\Users\秦世权\Desktop\manager-serve\node_modules\koa-router\node_modules\koa-compose\index.js:44:32)
    at next (C:\Users\秦世权\Desktop\manager-serve\node_modules\koa-router\node_modules\koa-compose\index.js:45:18)
    at C:\Users\秦世权\Desktop\manager-serve\node_modules\koa-router\lib\router.js:346:16
    at dispatch (C:\Users\秦世权\Desktop\manager-serve\node_modules\koa-router\node_modules\koa-compose\index.js:44:32)
    at next (C:\Users\秦世权\Desktop\manager-serve\node_modules\koa-router\node_modules\koa-compose\index.js:45:18)
    at allowedMethods (C:\Users\秦世权\Desktop\manager-serve\node_modules\koa-router\lib\router.js:407:12)
    at dispatch (C:\Users\秦世权\Desktop\manager-serve\node_modules\koa-router\node_modules\koa-compose\index.js:44:32)
    at next (C:\Users\秦世权\Desktop\manager-serve\node_modules\koa-router\node_modules\koa-compose\index.js:45:18)
    at C:\Users\秦世权\Desktop\manager-serve\node_modules\koa-router\lib\router.js:346:16
[2022-12-09T17:00:49.999] [ERROR] error - TypeError: Cannot read properties of undefined (reading 'query')
    at C:\Users\秦世权\Desktop\manager-serve\routes\depts.js:8:35
    at dispatch (C:\Users\秦世权\Desktop\manager-serve\node_modules\koa-router\node_modules\koa-compose\index.js:44:32)
    at next (C:\Users\秦世权\Desktop\manager-serve\node_modules\koa-router\node_modules\koa-compose\index.js:45:18)
    at C:\Users\秦世权\Desktop\manager-serve\node_modules\koa-router\lib\router.js:346:16
    at dispatch (C:\Users\秦世权\Desktop\manager-serve\node_modules\koa-router\node_modules\koa-compose\index.js:44:32)
    at next (C:\Users\秦世权\Desktop\manager-serve\node_modules\koa-router\node_modules\koa-compose\index.js:45:18)
    at allowedMethods (C:\Users\秦世权\Desktop\manager-serve\node_modules\koa-router\lib\router.js:407:12)
    at dispatch (C:\Users\秦世权\Desktop\manager-serve\node_modules\koa-router\node_modules\koa-compose\index.js:44:32)
    at next (C:\Users\秦世权\Desktop\manager-serve\node_modules\koa-router\node_modules\koa-compose\index.js:45:18)
    at C:\Users\秦世权\Desktop\manager-serve\node_modules\koa-router\lib\router.js:346:16
    at dispatch (C:\Users\秦世权\Desktop\manager-serve\node_modules\koa-router\node_modules\koa-compose\index.js:44:32)
    at next (C:\Users\秦世权\Desktop\manager-serve\node_modules\koa-router\node_modules\koa-compose\index.js:45:18)
    at allowedMethods (C:\Users\秦世权\Desktop\manager-serve\node_modules\koa-router\lib\router.js:407:12)
    at dispatch (C:\Users\秦世权\Desktop\manager-serve\node_modules\koa-router\node_modules\koa-compose\index.js:44:32)
    at next (C:\Users\秦世权\Desktop\manager-serve\node_modules\koa-router\node_modules\koa-compose\index.js:45:18)
    at C:\Users\秦世权\Desktop\manager-serve\node_modules\koa-router\lib\router.js:346:16
[2022-12-09T17:00:53.128] [ERROR] error - TypeError: Cannot read properties of undefined (reading 'query')
    at C:\Users\秦世权\Desktop\manager-serve\routes\depts.js:8:35
    at dispatch (C:\Users\秦世权\Desktop\manager-serve\node_modules\koa-router\node_modules\koa-compose\index.js:44:32)
    at next (C:\Users\秦世权\Desktop\manager-serve\node_modules\koa-router\node_modules\koa-compose\index.js:45:18)
    at C:\Users\秦世权\Desktop\manager-serve\node_modules\koa-router\lib\router.js:346:16
    at dispatch (C:\Users\秦世权\Desktop\manager-serve\node_modules\koa-router\node_modules\koa-compose\index.js:44:32)
    at next (C:\Users\秦世权\Desktop\manager-serve\node_modules\koa-router\node_modules\koa-compose\index.js:45:18)
    at allowedMethods (C:\Users\秦世权\Desktop\manager-serve\node_modules\koa-router\lib\router.js:407:12)
    at dispatch (C:\Users\秦世权\Desktop\manager-serve\node_modules\koa-router\node_modules\koa-compose\index.js:44:32)
    at next (C:\Users\秦世权\Desktop\manager-serve\node_modules\koa-router\node_modules\koa-compose\index.js:45:18)
    at C:\Users\秦世权\Desktop\manager-serve\node_modules\koa-router\lib\router.js:346:16
    at dispatch (C:\Users\秦世权\Desktop\manager-serve\node_modules\koa-router\node_modules\koa-compose\index.js:44:32)
    at next (C:\Users\秦世权\Desktop\manager-serve\node_modules\koa-router\node_modules\koa-compose\index.js:45:18)
    at allowedMethods (C:\Users\秦世权\Desktop\manager-serve\node_modules\koa-router\lib\router.js:407:12)
    at dispatch (C:\Users\秦世权\Desktop\manager-serve\node_modules\koa-router\node_modules\koa-compose\index.js:44:32)
    at next (C:\Users\秦世权\Desktop\manager-serve\node_modules\koa-router\node_modules\koa-compose\index.js:45:18)
    at C:\Users\秦世权\Desktop\manager-serve\node_modules\koa-router\lib\router.js:346:16
